2025-03-09 09:15:24,131 INFO o.a.j.u.JMeterUtils: Setting Locale to en_US
2025-03-09 09:15:24,152 INFO o.a.j.JMeter: Loading user properties from: user.properties
2025-03-09 09:15:24,152 INFO o.a.j.JMeter: Loading system properties from: system.properties
2025-03-09 09:15:24,152 INFO o.a.j.JMeter: Loading additional properties from: C:\Jmeter\apache-jmeter-5.6.3\bin\user.properties
2025-03-09 09:15:24,157 INFO o.a.j.JMeter: Copyright (c) 1998-2024 The Apache Software Foundation
2025-03-09 09:15:24,157 INFO o.a.j.JMeter: Version 5.6.3
2025-03-09 09:15:24,157 INFO o.a.j.JMeter: java.version=23.0.2
2025-03-09 09:15:24,159 INFO o.a.j.JMeter: java.vm.name=Java HotSpot(TM) 64-Bit Server VM
2025-03-09 09:15:24,159 INFO o.a.j.JMeter: os.name=Windows 11
2025-03-09 09:15:24,159 INFO o.a.j.JMeter: os.arch=amd64
2025-03-09 09:15:24,159 INFO o.a.j.JMeter: os.version=10.0
2025-03-09 09:15:24,159 INFO o.a.j.JMeter: file.encoding=UTF-8
2025-03-09 09:15:24,159 INFO o.a.j.JMeter: java.awt.headless=true
2025-03-09 09:15:24,159 INFO o.a.j.JMeter: Max memory     =8371830784
2025-03-09 09:15:24,159 INFO o.a.j.JMeter: Available Processors =16
2025-03-09 09:15:24,167 INFO o.a.j.JMeter: Default Locale=English (United States)
2025-03-09 09:15:24,168 INFO o.a.j.JMeter: JMeter  Locale=English (United States)
2025-03-09 09:15:24,168 INFO o.a.j.JMeter: JMeterHome=C:\Jmeter\apache-jmeter-5.6.3
2025-03-09 09:15:24,168 INFO o.a.j.JMeter: user.dir  =C:\Jmeter\apache-jmeter-5.6.3\bin
2025-03-09 09:15:24,168 INFO o.a.j.JMeter: PWD       =C:\Jmeter\apache-jmeter-5.6.3\bin
2025-03-09 09:15:24,170 INFO o.a.j.JMeter: IP: 192.168.100.104 Name: LaPoderosa FullName: host.docker.internal
2025-03-09 09:15:24,179 INFO o.a.j.JMeter: Setting property 'jmeter.reportgenerator.outputdir' to:'C:\Jmeter\reports\report3'
2025-03-09 09:15:24,181 INFO o.a.j.r.d.ReportGenerator: ReportGenerator will use for Parsing the separator: ','
2025-03-09 09:15:24,181 INFO o.a.j.r.d.ReportGenerator: Will only generate report from results file: C:\Jmeter\results\prueba.csv
2025-03-09 09:15:24,181 INFO o.a.j.r.d.ReportGenerator: Reading report generator properties from: C:\Jmeter\apache-jmeter-5.6.3\bin\reportgenerator.properties
2025-03-09 09:15:24,182 INFO o.a.j.r.d.ReportGenerator: Merging with JMeter properties
2025-03-09 09:15:24,184 INFO o.a.j.r.c.ReportGeneratorConfiguration: Property 'jmeter.reportgenerator.temp_dir' not found, using default value 'temp' instead.
2025-03-09 09:15:24,187 INFO o.a.j.r.c.ReportGeneratorConfiguration: Property 'jmeter.reportgenerator.apdex_per_transaction' not found, using default value 'null' instead.
2025-03-09 09:15:24,194 INFO o.a.j.r.c.ReportGeneratorConfiguration: apdex_per_transaction is empty, not APDEX per transaction customization
2025-03-09 09:15:24,194 INFO o.a.j.r.c.ReportGeneratorConfiguration: Property 'jmeter.reportgenerator.sample_filter' not found, using default value 'null' instead.
2025-03-09 09:15:24,194 INFO o.a.j.r.c.ReportGeneratorConfiguration: Property 'jmeter.reportgenerator.report_title' not found, using default value 'null' instead.
2025-03-09 09:15:24,194 INFO o.a.j.r.c.ReportGeneratorConfiguration: Property 'jmeter.reportgenerator.start_date' not found, using default value 'null' instead.
2025-03-09 09:15:24,194 INFO o.a.j.r.c.ReportGeneratorConfiguration: Property 'jmeter.reportgenerator.end_date' not found, using default value 'null' instead.
2025-03-09 09:15:24,194 INFO o.a.j.r.c.ReportGeneratorConfiguration: Property 'jmeter.reportgenerator.date_format' not found, using default value 'null' instead.
2025-03-09 09:15:24,197 INFO o.a.j.r.c.ReportGeneratorConfiguration: Will use date range start date: null, end date: null
2025-03-09 09:15:24,200 INFO o.a.j.r.c.ReportGeneratorConfiguration: Property 'jmeter.reportgenerator.graph.totalTPS.exclude_controllers' not found, using default value 'false' instead.
2025-03-09 09:15:24,200 INFO o.a.j.r.c.ReportGeneratorConfiguration: Property 'jmeter.reportgenerator.graph.activeThreadsOverTime.exclude_controllers' not found, using default value 'false' instead.
2025-03-09 09:15:24,200 INFO o.a.j.r.c.ReportGeneratorConfiguration: Property 'jmeter.reportgenerator.graph.timeVsThreads.exclude_controllers' not found, using default value 'false' instead.
2025-03-09 09:15:24,200 INFO o.a.j.r.c.ReportGeneratorConfiguration: Property 'jmeter.reportgenerator.graph.responseTimeDistribution.exclude_controllers' not found, using default value 'false' instead.
2025-03-09 09:15:24,200 INFO o.a.j.r.c.ReportGeneratorConfiguration: Property 'jmeter.reportgenerator.graph.transactionsPerSecond.exclude_controllers' not found, using default value 'false' instead.
2025-03-09 09:15:24,200 INFO o.a.j.r.c.ReportGeneratorConfiguration: Property 'jmeter.reportgenerator.graph.responseTimePercentiles.exclude_controllers' not found, using default value 'false' instead.
2025-03-09 09:15:24,200 INFO o.a.j.r.c.ReportGeneratorConfiguration: Property 'jmeter.reportgenerator.graph.responseTimePercentilesOverTime.exclude_controllers' not found, using default value 'false' instead.
2025-03-09 09:15:24,201 INFO o.a.j.r.c.ReportGeneratorConfiguration: Property 'jmeter.reportgenerator.graph.responseTimesOverTime.exclude_controllers' not found, using default value 'false' instead.
2025-03-09 09:15:24,201 INFO o.a.j.r.c.ReportGeneratorConfiguration: Property 'jmeter.reportgenerator.graph.connectTimeOverTime.exclude_controllers' not found, using default value 'false' instead.
2025-03-09 09:15:24,201 INFO o.a.j.r.c.ReportGeneratorConfiguration: Property 'jmeter.reportgenerator.graph.latenciesOverTime.exclude_controllers' not found, using default value 'false' instead.
2025-03-09 09:15:24,201 INFO o.a.j.r.c.ReportGeneratorConfiguration: Property 'jmeter.reportgenerator.exporter.json.filters_only_sample_series' not found, using default value 'true' instead.
2025-03-09 09:15:24,201 INFO o.a.j.r.c.ReportGeneratorConfiguration: Property 'jmeter.reportgenerator.exporter.json.series_filter' not found, using default value '' instead.
2025-03-09 09:15:24,201 INFO o.a.j.r.c.ReportGeneratorConfiguration: Property 'jmeter.reportgenerator.exporter.json.show_controllers_only' not found, using default value 'false' instead.
2025-03-09 09:15:24,202 INFO o.a.j.r.c.ReportGeneratorConfiguration: Property 'jmeter.reportgenerator.exporter.html.filters_only_sample_series' not found, using default value 'true' instead.
2025-03-09 09:15:24,202 INFO o.a.j.r.c.ReportGeneratorConfiguration: Property 'jmeter.reportgenerator.exporter.html.series_filter' not found, using default value '' instead.
2025-03-09 09:15:24,202 INFO o.a.j.r.c.ReportGeneratorConfiguration: Property 'jmeter.reportgenerator.exporter.html.show_controllers_only' not found, using default value 'false' instead.
2025-03-09 09:15:24,381 INFO o.a.j.s.SaveService: Testplan (JMX) version: 2.2. Testlog (JTL) version: 2.2
2025-03-09 09:15:24,408 INFO o.a.j.s.SaveService: Using SaveService properties version 5.0
2025-03-09 09:15:24,410 INFO o.a.j.s.SaveService: Using SaveService properties file encoding UTF-8
2025-03-09 09:15:24,424 INFO o.a.j.r.p.NormalizerSampleConsumer: Using format, 'ms', to parse timeStamp field
2025-03-09 09:15:24,473 INFO o.a.j.r.p.AbstractSampleConsumer: class org.apache.jmeter.report.processor.AggregateConsumer#stopProducing(): beginDate produced 0 samples
2025-03-09 09:15:24,473 INFO o.a.j.r.p.AbstractSampleConsumer: class org.apache.jmeter.report.processor.AggregateConsumer#stopProducing(): endDate produced 0 samples
2025-03-09 09:15:24,475 INFO o.a.j.r.p.AbstractSampleConsumer: class org.apache.jmeter.report.processor.ApdexSummaryConsumer#stopProducing(): apdexSummary produced 0 samples
2025-03-09 09:15:24,475 INFO o.a.j.r.p.AbstractSampleConsumer: class org.apache.jmeter.report.processor.RequestsSummaryConsumer#stopProducing(): requestsSummary produced 0 samples
2025-03-09 09:15:24,480 INFO o.a.j.r.p.AbstractSampleConsumer: class org.apache.jmeter.report.processor.StatisticsSummaryConsumer#stopProducing(): statisticsSummary produced 0 samples
2025-03-09 09:15:24,482 INFO o.a.j.r.p.AbstractSampleConsumer: class org.apache.jmeter.report.processor.Top5ErrorsBySamplerConsumer#stopProducing(): top5ErrorsBySampler produced 0 samples
2025-03-09 09:15:24,482 INFO o.a.j.r.p.AbstractSampleConsumer: class org.apache.jmeter.report.processor.ErrorsSummaryConsumer#stopProducing(): errorsSummary produced 0 samples
2025-03-09 09:15:24,482 INFO o.a.j.r.p.AbstractSampleConsumer: class org.apache.jmeter.report.processor.graph.impl.HitsPerSecondGraphConsumer#stopProducing(): hitsPerSecond produced 0 samples
2025-03-09 09:15:24,489 INFO o.a.j.r.p.AbstractSampleConsumer: class org.apache.jmeter.report.processor.graph.impl.LatencyVSRequestGraphConsumer#stopProducing(): latencyVsRequest produced 0 samples
2025-03-09 09:15:24,489 INFO o.a.j.r.p.AbstractSampleConsumer: class org.apache.jmeter.report.processor.graph.impl.SyntheticResponseTimeDistributionGraphConsumer#stopProducing(): syntheticResponseTimeDistribution produced 0 samples
2025-03-09 09:15:24,489 INFO o.a.j.r.p.AbstractSampleConsumer: class org.apache.jmeter.report.processor.graph.impl.BytesThroughputGraphConsumer#stopProducing(): bytesThroughputOverTime produced 0 samples
2025-03-09 09:15:24,489 INFO o.a.j.r.p.AbstractSampleConsumer: class org.apache.jmeter.report.processor.graph.impl.CodesPerSecondGraphConsumer#stopProducing(): codesPerSecond produced 0 samples
2025-03-09 09:15:24,491 INFO o.a.j.r.p.AbstractSampleConsumer: class org.apache.jmeter.report.processor.graph.impl.ResponseTimeVSRequestGraphConsumer#stopProducing(): responseTimeVsRequest produced 0 samples
2025-03-09 09:15:24,491 INFO o.a.j.r.p.AbstractSampleConsumer: class org.apache.jmeter.report.processor.FilterConsumer#stopProducing(): startIntervalControlerFilter produced 28 samples
2025-03-09 09:15:24,491 INFO o.a.j.r.p.AbstractSampleConsumer: class org.apache.jmeter.report.processor.graph.impl.TotalTPSGraphConsumer#stopProducing(): totalTPS produced 0 samples
2025-03-09 09:15:24,491 INFO o.a.j.r.p.AbstractSampleConsumer: class org.apache.jmeter.report.processor.graph.impl.ActiveThreadsGraphConsumer#stopProducing(): activeThreadsOverTime produced 0 samples
2025-03-09 09:15:24,492 INFO o.a.j.r.p.AbstractSampleConsumer: class org.apache.jmeter.report.processor.graph.impl.TimeVSThreadGraphConsumer#stopProducing(): timeVsThreads produced 0 samples
2025-03-09 09:15:24,492 INFO o.a.j.r.p.AbstractSampleConsumer: class org.apache.jmeter.report.processor.graph.impl.ResponseTimeDistributionGraphConsumer#stopProducing(): responseTimeDistribution produced 0 samples
2025-03-09 09:15:24,492 INFO o.a.j.r.p.AbstractSampleConsumer: class org.apache.jmeter.report.processor.graph.impl.TransactionsPerSecondGraphConsumer#stopProducing(): transactionsPerSecond produced 0 samples
2025-03-09 09:15:24,492 INFO o.a.j.r.p.AbstractSampleConsumer: class org.apache.jmeter.report.processor.graph.impl.ResponseTimePercentilesGraphConsumer#stopProducing(): responseTimePercentiles produced 0 samples
2025-03-09 09:15:24,492 INFO o.a.j.r.p.AbstractSampleConsumer: class org.apache.jmeter.report.processor.graph.impl.ResponseTimePercentilesOverTimeGraphConsumer#stopProducing(): responseTimePercentilesOverTime produced 0 samples
2025-03-09 09:15:24,492 INFO o.a.j.r.p.AbstractSampleConsumer: class org.apache.jmeter.report.processor.graph.impl.ResponseTimeOverTimeGraphConsumer#stopProducing(): responseTimesOverTime produced 0 samples
2025-03-09 09:15:24,492 INFO o.a.j.r.p.AbstractSampleConsumer: class org.apache.jmeter.report.processor.graph.impl.ConnectTimeOverTimeGraphConsumer#stopProducing(): connectTimeOverTime produced 0 samples
2025-03-09 09:15:24,492 INFO o.a.j.r.p.AbstractSampleConsumer: class org.apache.jmeter.report.processor.graph.impl.LatencyOverTimeGraphConsumer#stopProducing(): latenciesOverTime produced 0 samples
2025-03-09 09:15:24,492 INFO o.a.j.r.p.AbstractSampleConsumer: class org.apache.jmeter.report.processor.FilterConsumer#stopProducing(): nameFilter produced 60 samples
2025-03-09 09:15:24,492 INFO o.a.j.r.p.AbstractSampleConsumer: class org.apache.jmeter.report.processor.FilterConsumer#stopProducing(): dateRangeFilter produced 12 samples
2025-03-09 09:15:24,492 INFO o.a.j.r.p.AbstractSampleConsumer: class org.apache.jmeter.report.processor.NormalizerSampleConsumer#stopProducing(): normalizer produced 4 samples
2025-03-09 09:15:24,494 INFO o.a.j.r.p.CsvFileSampleSource: produce(): 4 samples produced in 53ms on channel 0
2025-03-09 09:15:24,494 INFO o.a.j.r.d.ReportGenerator: Exporting data using exporter:'json' of className:'org.apache.jmeter.report.dashboard.JsonExporter'
2025-03-09 09:15:24,544 INFO o.a.j.r.d.JsonExporter: Found data for consumer statisticsSummary in context
2025-03-09 09:15:24,545 INFO o.a.j.r.d.JsonExporter: Creating statistics for overall
2025-03-09 09:15:24,545 INFO o.a.j.r.d.JsonExporter: Creating statistics for other transactions
2025-03-09 09:15:24,545 INFO o.a.j.r.d.JsonExporter: Checking output folder
2025-03-09 09:15:24,546 INFO o.a.j.r.d.JsonExporter: Writing statistics JSON to C:\Jmeter\reports\report3\statistics.json
2025-03-09 09:15:24,581 INFO o.a.j.r.d.ReportGenerator: Exporting data using exporter:'html' of className:'org.apache.jmeter.report.dashboard.HtmlTemplateExporter'
2025-03-09 09:15:24,583 INFO o.a.j.r.d.HtmlTemplateExporter: Will generate dashboard in folder: C:\Jmeter\reports\report3
2025-03-09 09:15:24,680 INFO o.a.j.r.d.HtmlTemplateExporter: Report will be generated in: C:\Jmeter\reports\report3, creating folder structure
2025-03-09 09:15:24,682 INFO o.a.j.r.d.TemplateVisitor: Copying folder from 'C:\Jmeter\apache-jmeter-5.6.3\bin\report-template' to 'C:\Jmeter\reports\report3', got message: C:\Jmeter\reports\report3, found non empty folder with following content [C:\Jmeter\reports\report3\statistics.json], will be ignored
