2025-03-30 14:21:51,825 INFO o.a.j.u.JMeterUtils: Setting Locale to en_US
2025-03-30 14:21:51,844 INFO o.a.j.JMeter: Loading user properties from: user.properties
2025-03-30 14:21:51,844 INFO o.a.j.JMeter: Loading system properties from: system.properties
2025-03-30 14:21:51,850 INFO o.a.j.JMeter: Copyright (c) 1998-2024 The Apache Software Foundation
2025-03-30 14:21:51,850 INFO o.a.j.JMeter: Version 5.6.3
2025-03-30 14:21:51,850 INFO o.a.j.JMeter: java.version=23.0.2
2025-03-30 14:21:51,850 INFO o.a.j.JMeter: java.vm.name=Java HotSpot(TM) 64-Bit Server VM
2025-03-30 14:21:51,850 INFO o.a.j.JMeter: os.name=Windows 11
2025-03-30 14:21:51,850 INFO o.a.j.JMeter: os.arch=amd64
2025-03-30 14:21:51,850 INFO o.a.j.JMeter: os.version=10.0
2025-03-30 14:21:51,850 INFO o.a.j.JMeter: file.encoding=UTF-8
2025-03-30 14:21:51,850 INFO o.a.j.JMeter: java.awt.headless=null
2025-03-30 14:21:51,850 INFO o.a.j.JMeter: Max memory     =8371830784
2025-03-30 14:21:51,851 INFO o.a.j.JMeter: Available Processors =16
2025-03-30 14:21:51,858 INFO o.a.j.JMeter: Default Locale=English (United States)
2025-03-30 14:21:51,858 INFO o.a.j.JMeter: JMeter  Locale=English (United States)
2025-03-30 14:21:51,858 INFO o.a.j.JMeter: JMeterHome=C:\Jmeter\apache-jmeter-5.6.3
2025-03-30 14:21:51,858 INFO o.a.j.JMeter: user.dir  =C:\Jmeter\apache-jmeter-5.6.3\bin
2025-03-30 14:21:51,858 INFO o.a.j.JMeter: PWD       =C:\Jmeter\apache-jmeter-5.6.3\bin
2025-03-30 14:21:56,840 INFO o.a.j.JMeter: IP: 192.168.137.1 Name: LaPoderosa FullName: LaPoderosa
2025-03-30 14:21:56,848 INFO o.a.j.JMeter: Loaded icon properties from org/apache/jmeter/images/icon.properties
2025-03-30 14:21:57,062 INFO o.a.j.JMeterGuiLauncher: Setting LAF to: com.github.weisj.darklaf.DarkLaf:com.github.weisj.darklaf.theme.DarculaTheme
2025-03-30 14:21:59,031 INFO o.a.j.r.ClassFinder: Will scan jar C:\Jmeter\apache-jmeter-5.6.3\lib\ext\jmeter-plugins-manager-1.10.jar with filter ExtendsClassFilter [parents=[interface org.apache.jmeter.gui.action.Command], inner=false, contains=null, notContains=null]. Consider exposing JMeter plugins via META-INF/services, and add JMeter-Skip-Class-Scanning=true manifest attribute so JMeter can skip classfile scanning
2025-03-30 14:21:59,110 INFO o.a.j.r.ClassFinder: Will scan jar C:\Jmeter\apache-jmeter-5.6.3\lib\ext\perfmon-2.2.2.jar with filter ExtendsClassFilter [parents=[interface org.apache.jmeter.gui.action.Command], inner=false, contains=null, notContains=null]. Consider exposing JMeter plugins via META-INF/services, and add JMeter-Skip-Class-Scanning=true manifest attribute so JMeter can skip classfile scanning
2025-03-30 14:21:59,117 INFO o.a.j.r.ClassFinder: Will scan jar C:\Jmeter\apache-jmeter-5.6.3\lib\ext\jmeter-plugins-cmn-jmeter-0.4.jar with filter ExtendsClassFilter [parents=[interface org.apache.jmeter.gui.action.Command], inner=false, contains=null, notContains=null]. Consider exposing JMeter plugins via META-INF/services, and add JMeter-Skip-Class-Scanning=true manifest attribute so JMeter can skip classfile scanning
2025-03-30 14:21:59,133 INFO o.a.j.r.ClassFinder: Will scan jar C:\Jmeter\apache-jmeter-5.6.3\lib\ext\jmeter-plugins-casutg-3.0.jar with filter ExtendsClassFilter [parents=[interface org.apache.jmeter.gui.action.Command], inner=false, contains=null, notContains=null]. Consider exposing JMeter plugins via META-INF/services, and add JMeter-Skip-Class-Scanning=true manifest attribute so JMeter can skip classfile scanning
2025-03-30 14:21:59,142 INFO o.a.j.r.ClassFinder: Will scan jar C:\Jmeter\apache-jmeter-5.6.3\lib\ext\har-convertor-jmeter-plugin-7.0-jar-with-dependencies.jar with filter ExtendsClassFilter [parents=[interface org.apache.jmeter.gui.action.Command], inner=false, contains=null, notContains=null]. Consider exposing JMeter plugins via META-INF/services, and add JMeter-Skip-Class-Scanning=true manifest attribute so JMeter can skip classfile scanning
2025-03-30 14:21:59,374 INFO o.a.j.r.ClassFinder: Will scan jar C:\Jmeter\apache-jmeter-5.6.3\lib\ext\jmeter-plugins-manager-1.10.jar with filter ExtendsClassFilter [parents=[interface org.apache.jmeter.gui.plugin.MenuCreator], inner=false, contains=null, notContains=null]. Consider exposing JMeter plugins via META-INF/services, and add JMeter-Skip-Class-Scanning=true manifest attribute so JMeter can skip classfile scanning
2025-03-30 14:21:59,376 INFO o.a.j.r.ClassFinder: Will scan jar C:\Jmeter\apache-jmeter-5.6.3\lib\ext\perfmon-2.2.2.jar with filter ExtendsClassFilter [parents=[interface org.apache.jmeter.gui.plugin.MenuCreator], inner=false, contains=null, notContains=null]. Consider exposing JMeter plugins via META-INF/services, and add JMeter-Skip-Class-Scanning=true manifest attribute so JMeter can skip classfile scanning
2025-03-30 14:21:59,377 INFO o.a.j.r.ClassFinder: Will scan jar C:\Jmeter\apache-jmeter-5.6.3\lib\ext\jmeter-plugins-cmn-jmeter-0.4.jar with filter ExtendsClassFilter [parents=[interface org.apache.jmeter.gui.plugin.MenuCreator], inner=false, contains=null, notContains=null]. Consider exposing JMeter plugins via META-INF/services, and add JMeter-Skip-Class-Scanning=true manifest attribute so JMeter can skip classfile scanning
2025-03-30 14:21:59,378 INFO o.a.j.r.ClassFinder: Will scan jar C:\Jmeter\apache-jmeter-5.6.3\lib\ext\jmeter-plugins-casutg-3.0.jar with filter ExtendsClassFilter [parents=[interface org.apache.jmeter.gui.plugin.MenuCreator], inner=false, contains=null, notContains=null]. Consider exposing JMeter plugins via META-INF/services, and add JMeter-Skip-Class-Scanning=true manifest attribute so JMeter can skip classfile scanning
2025-03-30 14:21:59,378 INFO o.a.j.r.ClassFinder: Will scan jar C:\Jmeter\apache-jmeter-5.6.3\lib\ext\har-convertor-jmeter-plugin-7.0-jar-with-dependencies.jar with filter ExtendsClassFilter [parents=[interface org.apache.jmeter.gui.plugin.MenuCreator], inner=false, contains=null, notContains=null]. Consider exposing JMeter plugins via META-INF/services, and add JMeter-Skip-Class-Scanning=true manifest attribute so JMeter can skip classfile scanning
2025-03-30 14:21:59,458 INFO o.j.r.JARSourceHTTP: Requesting https://jmeter-plugins.org/repo/?installID=windows_11-270027920e92b61835aaa327eb738caa-gui
2025-03-30 14:22:00,706 INFO o.j.r.PluginManager: Plugins Status: [jpgc-casutg=3.0, jpgc-plugins-manager=1.10, jmeter-core=5.6.3, jmeter-ftp=5.6.3, jmeter-http=5.6.3, jmeter-jdbc=5.6.3, jmeter-jms=5.6.3, jmeter-junit=5.6.3, jmeter-java=5.6.3, jmeter-ldap=5.6.3, jmeter-mail=5.6.3, jmeter-mongodb=5.6.3, jmeter-native=5.6.3, jmeter-tcp=5.6.3, jmeter-components=5.6.3, vdn-har-convertor-jmeter-tool=7.0]
2025-03-30 14:22:00,707 INFO o.j.r.PluginManagerMenuItem: Plugins Manager has upgrades: [vdn-har-convertor-jmeter-tool]
2025-03-30 14:22:20,244 INFO o.a.j.s.FileServer: Default base='C:\Jmeter\apache-jmeter-5.6.3\bin'
2025-03-30 14:22:20,246 INFO o.a.j.g.a.Load: Loading file: C:\Jmeter\tests\Test Plan-JPetStoreProject.jmx
2025-03-30 14:22:20,246 INFO o.a.j.s.FileServer: Set new base='C:\Jmeter\tests'
2025-03-30 14:22:20,415 INFO o.a.j.s.SaveService: Testplan (JMX) version: 2.2. Testlog (JTL) version: 2.2
2025-03-30 14:22:20,421 INFO o.a.j.s.SaveService: Using SaveService properties version 5.0
2025-03-30 14:22:20,422 INFO o.a.j.s.SaveService: Using SaveService properties file encoding UTF-8
2025-03-30 14:22:20,422 INFO o.a.j.s.SaveService: Loading file: C:\Jmeter\tests\Test Plan-JPetStoreProject.jmx
2025-03-30 14:22:20,648 INFO o.a.j.p.h.c.CookieManager: Settings: Delete null: true Check: true Allow variable: true Save: false Prefix: COOKIE_
2025-03-30 14:22:20,655 INFO o.a.j.p.h.s.HTTPSamplerBase: Parser for text/html is org.apache.jmeter.protocol.http.parser.LagartoBasedHtmlParser
2025-03-30 14:22:20,656 INFO o.a.j.p.h.s.HTTPSamplerBase: Parser for application/xhtml+xml is org.apache.jmeter.protocol.http.parser.LagartoBasedHtmlParser
2025-03-30 14:22:20,656 INFO o.a.j.p.h.s.HTTPSamplerBase: Parser for application/xml is org.apache.jmeter.protocol.http.parser.LagartoBasedHtmlParser
2025-03-30 14:22:20,656 INFO o.a.j.p.h.s.HTTPSamplerBase: Parser for text/xml is org.apache.jmeter.protocol.http.parser.LagartoBasedHtmlParser
2025-03-30 14:22:20,656 INFO o.a.j.p.h.s.HTTPSamplerBase: Parser for text/vnd.wap.wml is org.apache.jmeter.protocol.http.parser.RegexpHTMLParser
2025-03-30 14:22:20,656 INFO o.a.j.p.h.s.HTTPSamplerBase: Parser for text/css is org.apache.jmeter.protocol.http.parser.CssParser
2025-03-30 14:22:20,824 INFO o.a.j.e.KeyToolUtils: keytool found at 'keytool'
2025-03-30 14:22:20,825 INFO o.a.j.p.h.p.ProxyControl: HTTP(S) Test Script Recorder SSL Proxy will use keys that support embedded 3rd party resources in file C:\Jmeter\apache-jmeter-5.6.3\bin\proxyserver.jks
2025-03-30 14:22:21,354 INFO o.a.j.e.u.CompoundVariable: Note: Function class names must contain the string: '.functions.'
2025-03-30 14:22:21,354 INFO o.a.j.e.u.CompoundVariable: Note: Function class names must not contain the string: '.gui.'
2025-03-30 14:22:21,375 INFO o.a.j.r.ClassFinder: Will scan jar C:\Jmeter\apache-jmeter-5.6.3\lib\ext\jmeter-plugins-manager-1.10.jar with filter ExtendsClassFilter [parents=[interface org.apache.jmeter.functions.Function], inner=false, contains=null, notContains=null]. Consider exposing JMeter plugins via META-INF/services, and add JMeter-Skip-Class-Scanning=true manifest attribute so JMeter can skip classfile scanning
2025-03-30 14:22:21,376 INFO o.a.j.r.ClassFinder: Will scan jar C:\Jmeter\apache-jmeter-5.6.3\lib\ext\perfmon-2.2.2.jar with filter ExtendsClassFilter [parents=[interface org.apache.jmeter.functions.Function], inner=false, contains=null, notContains=null]. Consider exposing JMeter plugins via META-INF/services, and add JMeter-Skip-Class-Scanning=true manifest attribute so JMeter can skip classfile scanning
2025-03-30 14:22:21,377 INFO o.a.j.r.ClassFinder: Will scan jar C:\Jmeter\apache-jmeter-5.6.3\lib\ext\jmeter-plugins-cmn-jmeter-0.4.jar with filter ExtendsClassFilter [parents=[interface org.apache.jmeter.functions.Function], inner=false, contains=null, notContains=null]. Consider exposing JMeter plugins via META-INF/services, and add JMeter-Skip-Class-Scanning=true manifest attribute so JMeter can skip classfile scanning
2025-03-30 14:22:21,377 INFO o.a.j.r.ClassFinder: Will scan jar C:\Jmeter\apache-jmeter-5.6.3\lib\ext\jmeter-plugins-casutg-3.0.jar with filter ExtendsClassFilter [parents=[interface org.apache.jmeter.functions.Function], inner=false, contains=null, notContains=null]. Consider exposing JMeter plugins via META-INF/services, and add JMeter-Skip-Class-Scanning=true manifest attribute so JMeter can skip classfile scanning
2025-03-30 14:22:21,377 INFO o.a.j.r.ClassFinder: Will scan jar C:\Jmeter\apache-jmeter-5.6.3\lib\ext\har-convertor-jmeter-plugin-7.0-jar-with-dependencies.jar with filter ExtendsClassFilter [parents=[interface org.apache.jmeter.functions.Function], inner=false, contains=null, notContains=null]. Consider exposing JMeter plugins via META-INF/services, and add JMeter-Skip-Class-Scanning=true manifest attribute so JMeter can skip classfile scanning
2025-03-30 14:22:21,486 INFO o.a.j.s.SampleResult: Note: Sample TimeStamps are START times
2025-03-30 14:22:21,487 INFO o.a.j.s.SampleResult: sampleresult.default.encoding is set to UTF-8
2025-03-30 14:22:21,487 INFO o.a.j.s.SampleResult: sampleresult.useNanoTime=true
2025-03-30 14:22:21,487 INFO o.a.j.s.SampleResult: sampleresult.nanoThreadSleep=5000
2025-03-30 14:22:21,522 INFO o.a.j.r.ClassFinder: Will scan jar C:\Jmeter\apache-jmeter-5.6.3\lib\ext\jmeter-plugins-manager-1.10.jar with filter ExtendsClassFilter [parents=[interface org.apache.jmeter.visualizers.ResultRenderer], inner=false, contains=null, notContains=null]. Consider exposing JMeter plugins via META-INF/services, and add JMeter-Skip-Class-Scanning=true manifest attribute so JMeter can skip classfile scanning
2025-03-30 14:22:21,523 INFO o.a.j.r.ClassFinder: Will scan jar C:\Jmeter\apache-jmeter-5.6.3\lib\ext\perfmon-2.2.2.jar with filter ExtendsClassFilter [parents=[interface org.apache.jmeter.visualizers.ResultRenderer], inner=false, contains=null, notContains=null]. Consider exposing JMeter plugins via META-INF/services, and add JMeter-Skip-Class-Scanning=true manifest attribute so JMeter can skip classfile scanning
2025-03-30 14:22:21,524 INFO o.a.j.r.ClassFinder: Will scan jar C:\Jmeter\apache-jmeter-5.6.3\lib\ext\jmeter-plugins-cmn-jmeter-0.4.jar with filter ExtendsClassFilter [parents=[interface org.apache.jmeter.visualizers.ResultRenderer], inner=false, contains=null, notContains=null]. Consider exposing JMeter plugins via META-INF/services, and add JMeter-Skip-Class-Scanning=true manifest attribute so JMeter can skip classfile scanning
2025-03-30 14:22:21,524 INFO o.a.j.r.ClassFinder: Will scan jar C:\Jmeter\apache-jmeter-5.6.3\lib\ext\jmeter-plugins-casutg-3.0.jar with filter ExtendsClassFilter [parents=[interface org.apache.jmeter.visualizers.ResultRenderer], inner=false, contains=null, notContains=null]. Consider exposing JMeter plugins via META-INF/services, and add JMeter-Skip-Class-Scanning=true manifest attribute so JMeter can skip classfile scanning
2025-03-30 14:22:21,524 INFO o.a.j.r.ClassFinder: Will scan jar C:\Jmeter\apache-jmeter-5.6.3\lib\ext\har-convertor-jmeter-plugin-7.0-jar-with-dependencies.jar with filter ExtendsClassFilter [parents=[interface org.apache.jmeter.visualizers.ResultRenderer], inner=false, contains=null, notContains=null]. Consider exposing JMeter plugins via META-INF/services, and add JMeter-Skip-Class-Scanning=true manifest attribute so JMeter can skip classfile scanning
2025-03-30 14:22:21,541 INFO o.a.j.r.ClassFinder: Will scan jar C:\Jmeter\apache-jmeter-5.6.3\lib\ext\jmeter-plugins-manager-1.10.jar with filter ExtendsClassFilter [parents=[interface org.apache.jmeter.visualizers.RequestView], inner=false, contains=null, notContains=null]. Consider exposing JMeter plugins via META-INF/services, and add JMeter-Skip-Class-Scanning=true manifest attribute so JMeter can skip classfile scanning
2025-03-30 14:22:21,541 INFO o.a.j.r.ClassFinder: Will scan jar C:\Jmeter\apache-jmeter-5.6.3\lib\ext\perfmon-2.2.2.jar with filter ExtendsClassFilter [parents=[interface org.apache.jmeter.visualizers.RequestView], inner=false, contains=null, notContains=null]. Consider exposing JMeter plugins via META-INF/services, and add JMeter-Skip-Class-Scanning=true manifest attribute so JMeter can skip classfile scanning
2025-03-30 14:22:21,542 INFO o.a.j.r.ClassFinder: Will scan jar C:\Jmeter\apache-jmeter-5.6.3\lib\ext\jmeter-plugins-cmn-jmeter-0.4.jar with filter ExtendsClassFilter [parents=[interface org.apache.jmeter.visualizers.RequestView], inner=false, contains=null, notContains=null]. Consider exposing JMeter plugins via META-INF/services, and add JMeter-Skip-Class-Scanning=true manifest attribute so JMeter can skip classfile scanning
2025-03-30 14:22:21,542 INFO o.a.j.r.ClassFinder: Will scan jar C:\Jmeter\apache-jmeter-5.6.3\lib\ext\jmeter-plugins-casutg-3.0.jar with filter ExtendsClassFilter [parents=[interface org.apache.jmeter.visualizers.RequestView], inner=false, contains=null, notContains=null]. Consider exposing JMeter plugins via META-INF/services, and add JMeter-Skip-Class-Scanning=true manifest attribute so JMeter can skip classfile scanning
2025-03-30 14:22:21,543 INFO o.a.j.r.ClassFinder: Will scan jar C:\Jmeter\apache-jmeter-5.6.3\lib\ext\har-convertor-jmeter-plugin-7.0-jar-with-dependencies.jar with filter ExtendsClassFilter [parents=[interface org.apache.jmeter.visualizers.RequestView], inner=false, contains=null, notContains=null]. Consider exposing JMeter plugins via META-INF/services, and add JMeter-Skip-Class-Scanning=true manifest attribute so JMeter can skip classfile scanning
2025-03-30 14:22:21,620 INFO o.a.j.r.ClassFinder: Will scan jar C:\Jmeter\apache-jmeter-5.6.3\lib\ext\jmeter-plugins-manager-1.10.jar with filter ExtendsClassFilter [parents=[interface org.apache.jmeter.visualizers.ResultRenderer], inner=false, contains=null, notContains=null]. Consider exposing JMeter plugins via META-INF/services, and add JMeter-Skip-Class-Scanning=true manifest attribute so JMeter can skip classfile scanning
2025-03-30 14:22:21,621 INFO o.a.j.r.ClassFinder: Will scan jar C:\Jmeter\apache-jmeter-5.6.3\lib\ext\perfmon-2.2.2.jar with filter ExtendsClassFilter [parents=[interface org.apache.jmeter.visualizers.ResultRenderer], inner=false, contains=null, notContains=null]. Consider exposing JMeter plugins via META-INF/services, and add JMeter-Skip-Class-Scanning=true manifest attribute so JMeter can skip classfile scanning
2025-03-30 14:22:21,621 INFO o.a.j.r.ClassFinder: Will scan jar C:\Jmeter\apache-jmeter-5.6.3\lib\ext\jmeter-plugins-cmn-jmeter-0.4.jar with filter ExtendsClassFilter [parents=[interface org.apache.jmeter.visualizers.ResultRenderer], inner=false, contains=null, notContains=null]. Consider exposing JMeter plugins via META-INF/services, and add JMeter-Skip-Class-Scanning=true manifest attribute so JMeter can skip classfile scanning
2025-03-30 14:22:21,621 INFO o.a.j.r.ClassFinder: Will scan jar C:\Jmeter\apache-jmeter-5.6.3\lib\ext\jmeter-plugins-casutg-3.0.jar with filter ExtendsClassFilter [parents=[interface org.apache.jmeter.visualizers.ResultRenderer], inner=false, contains=null, notContains=null]. Consider exposing JMeter plugins via META-INF/services, and add JMeter-Skip-Class-Scanning=true manifest attribute so JMeter can skip classfile scanning
2025-03-30 14:22:21,622 INFO o.a.j.r.ClassFinder: Will scan jar C:\Jmeter\apache-jmeter-5.6.3\lib\ext\har-convertor-jmeter-plugin-7.0-jar-with-dependencies.jar with filter ExtendsClassFilter [parents=[interface org.apache.jmeter.visualizers.ResultRenderer], inner=false, contains=null, notContains=null]. Consider exposing JMeter plugins via META-INF/services, and add JMeter-Skip-Class-Scanning=true manifest attribute so JMeter can skip classfile scanning
2025-03-30 14:22:21,643 INFO o.a.j.r.ClassFinder: Will scan jar C:\Jmeter\apache-jmeter-5.6.3\lib\ext\jmeter-plugins-manager-1.10.jar with filter ExtendsClassFilter [parents=[interface org.apache.jmeter.visualizers.RequestView], inner=false, contains=null, notContains=null]. Consider exposing JMeter plugins via META-INF/services, and add JMeter-Skip-Class-Scanning=true manifest attribute so JMeter can skip classfile scanning
2025-03-30 14:22:21,644 INFO o.a.j.r.ClassFinder: Will scan jar C:\Jmeter\apache-jmeter-5.6.3\lib\ext\perfmon-2.2.2.jar with filter ExtendsClassFilter [parents=[interface org.apache.jmeter.visualizers.RequestView], inner=false, contains=null, notContains=null]. Consider exposing JMeter plugins via META-INF/services, and add JMeter-Skip-Class-Scanning=true manifest attribute so JMeter can skip classfile scanning
2025-03-30 14:22:21,644 INFO o.a.j.r.ClassFinder: Will scan jar C:\Jmeter\apache-jmeter-5.6.3\lib\ext\jmeter-plugins-cmn-jmeter-0.4.jar with filter ExtendsClassFilter [parents=[interface org.apache.jmeter.visualizers.RequestView], inner=false, contains=null, notContains=null]. Consider exposing JMeter plugins via META-INF/services, and add JMeter-Skip-Class-Scanning=true manifest attribute so JMeter can skip classfile scanning
2025-03-30 14:22:21,644 INFO o.a.j.r.ClassFinder: Will scan jar C:\Jmeter\apache-jmeter-5.6.3\lib\ext\jmeter-plugins-casutg-3.0.jar with filter ExtendsClassFilter [parents=[interface org.apache.jmeter.visualizers.RequestView], inner=false, contains=null, notContains=null]. Consider exposing JMeter plugins via META-INF/services, and add JMeter-Skip-Class-Scanning=true manifest attribute so JMeter can skip classfile scanning
2025-03-30 14:22:21,645 INFO o.a.j.r.ClassFinder: Will scan jar C:\Jmeter\apache-jmeter-5.6.3\lib\ext\har-convertor-jmeter-plugin-7.0-jar-with-dependencies.jar with filter ExtendsClassFilter [parents=[interface org.apache.jmeter.visualizers.RequestView], inner=false, contains=null, notContains=null]. Consider exposing JMeter plugins via META-INF/services, and add JMeter-Skip-Class-Scanning=true manifest attribute so JMeter can skip classfile scanning
2025-03-30 14:22:22,305 INFO o.a.j.s.FileServer: Set new base='C:\Jmeter\tests'
2025-03-30 15:06:45,663 INFO o.a.j.e.StandardJMeterEngine: Running the test!
2025-03-30 15:06:45,664 INFO o.a.j.s.SampleEvent: List of sample_variables: []
2025-03-30 15:06:45,664 INFO o.a.j.s.SampleEvent: List of sample_variables: []
2025-03-30 15:06:45,671 INFO o.a.j.g.u.JMeterMenuBar: setRunning(true, *local*)
2025-03-30 15:06:45,731 INFO o.a.j.e.StandardJMeterEngine: Starting ThreadGroup: 1 : Scenario 1 - Search
2025-03-30 15:06:45,732 INFO o.a.j.e.StandardJMeterEngine: Starting 1 threads for group Scenario 1 - Search.
2025-03-30 15:06:45,732 INFO o.a.j.e.StandardJMeterEngine: Thread will continue on error
2025-03-30 15:06:45,732 INFO o.a.j.t.ThreadGroup: Starting thread group... number=1 threads=1 ramp-up=1 delayedStart=false
2025-03-30 15:06:45,732 INFO o.a.j.t.ThreadGroup: Started thread group number 1
2025-03-30 15:06:45,733 INFO o.a.j.e.StandardJMeterEngine: All thread groups have been started
2025-03-30 15:06:45,740 INFO o.a.j.t.JMeterThread: Thread started: Scenario 1 - Search 1-1
2025-03-30 15:06:45,752 INFO o.a.j.p.h.s.HTTPHCAbstractImpl: Local host = LaPoderosa
2025-03-30 15:06:45,760 INFO o.a.j.p.h.s.HTTPHC4Impl: HTTP request retry count = 0
2025-03-30 15:06:45,927 INFO o.a.j.p.h.s.h.LazyLayeredConnectionSocketFactory: Setting up HTTPS TrustAll Socket Factory
2025-03-30 15:06:45,929 INFO o.a.j.u.JsseSSLManager: Using default SSL protocol: TLS
2025-03-30 15:06:45,929 INFO o.a.j.u.JsseSSLManager: SSL session context: per-thread
2025-03-30 15:06:46,074 INFO o.a.j.u.SSLManager: JmeterKeyStore Location:  type JKS
2025-03-30 15:06:46,075 INFO o.a.j.u.SSLManager: KeyStore created OK
2025-03-30 15:06:46,075 WARN o.a.j.u.SSLManager: Keystore file not found, loading empty keystore
2025-03-30 15:06:46,523 INFO o.a.j.s.FileServer: Stored: C:/Jmeter/tests/searchData.csv
2025-03-30 15:06:46,784 INFO o.a.j.t.JMeterThread: Thread is done: Scenario 1 - Search 1-1
2025-03-30 15:06:46,784 INFO o.a.j.t.JMeterThread: Thread finished: Scenario 1 - Search 1-1
2025-03-30 15:06:46,785 INFO o.a.j.e.StandardJMeterEngine: Notifying test listeners of end of test
2025-03-30 15:06:46,785 INFO o.a.j.s.FileServer: Close: C:/Jmeter/tests/searchData.csv
2025-03-30 15:06:46,786 INFO o.a.j.g.u.JMeterMenuBar: setRunning(false, *local*)
2025-03-30 15:06:52,457 INFO o.a.j.e.StandardJMeterEngine: Running the test!
2025-03-30 15:06:52,458 INFO o.a.j.s.SampleEvent: List of sample_variables: []
2025-03-30 15:06:52,458 INFO o.a.j.g.u.JMeterMenuBar: setRunning(true, *local*)
2025-03-30 15:06:52,510 INFO o.a.j.e.StandardJMeterEngine: Starting ThreadGroup: 1 : Scenario 1 - Search
2025-03-30 15:06:52,510 INFO o.a.j.e.StandardJMeterEngine: Starting 1 threads for group Scenario 1 - Search.
2025-03-30 15:06:52,510 INFO o.a.j.e.StandardJMeterEngine: Thread will continue on error
2025-03-30 15:06:52,510 INFO o.a.j.t.ThreadGroup: Starting thread group... number=1 threads=1 ramp-up=1 delayedStart=false
2025-03-30 15:06:52,511 INFO o.a.j.t.ThreadGroup: Started thread group number 1
2025-03-30 15:06:52,511 INFO o.a.j.e.StandardJMeterEngine: All thread groups have been started
2025-03-30 15:06:52,511 INFO o.a.j.t.JMeterThread: Thread started: Scenario 1 - Search 1-1
2025-03-30 15:06:53,106 INFO o.a.j.s.FileServer: Stored: C:/Jmeter/tests/searchData.csv
2025-03-30 15:06:53,326 INFO o.a.j.t.JMeterThread: Thread is done: Scenario 1 - Search 1-1
2025-03-30 15:06:53,326 INFO o.a.j.t.JMeterThread: Thread finished: Scenario 1 - Search 1-1
2025-03-30 15:06:53,326 INFO o.a.j.e.StandardJMeterEngine: Notifying test listeners of end of test
2025-03-30 15:06:53,326 INFO o.a.j.s.FileServer: Close: C:/Jmeter/tests/searchData.csv
2025-03-30 15:06:53,326 INFO o.a.j.g.u.JMeterMenuBar: setRunning(false, *local*)
